<?xml version="1.0" encoding="UTF-8"?>
<testsuite name="TestSuite" time="3.971" tests="2" errors="0" skipped="0" failures="2">
  <properties>
[...]
</properties>
  <testcase name="feature" classname="runner.RunCuke" time="3.971">
    <failure message="org.openqa.selenium.SessionNotCreatedException: session not created: This version of ChromeDriver only supports Chrome version 76&#10;Build info: version: &apos;3.141.5&apos;, revision: &apos;d54ebd709a&apos;, time: &apos;2018-11-06T11:42:16&apos;&#10;System info: host: &apos;DESKTOP-UBRI0MS&apos;, ip: &apos;192.168.23.176&apos;, os.name: &apos;Windows 10&apos;, os.arch: &apos;amd64&apos;, os.version: &apos;10.0&apos;, java.version: &apos;1.8.0_221&apos;&#10;Driver info: driver.version: SeleniumDriver&#10;remote stacktrace: Backtrace:&#10;	Ordinal0 [0x00647C53+1473619]&#10;	Ordinal0 [0x005CAD71+961905]&#10;	Ordinal0 [0x005542B3+475827]&#10;	Ordinal0 [0x004EF365+62309]&#10;	Ordinal0 [0x004EBC77+48247]&#10;	Ordinal0 [0x00509149+168265]&#10;	Ordinal0 [0x00508D1D+167197]&#10;	Ordinal0 [0x0050742B+160811]&#10;	Ordinal0 [0x004F0AE6+68326]&#10;	Ordinal0 [0x004F1BF0+72688]&#10;	Ordinal0 [0x004F1B89+72585]&#10;	Ordinal0 [0x005E4B37+1067831]&#10;	GetHandleVerifier [0x006E6845+506677]&#10;	GetHandleVerifier [0x006E65E0+506064]&#10;	GetHandleVerifier [0x006ED188+533624]&#10;	GetHandleVerifier [0x006E701A+508682]&#10;	Ordinal0 [0x005DC226+1032742]&#10;	Ordinal0 [0x005DC09F+1032351]&#10;	Ordinal0 [0x005E6A4B+1075787]&#10;	Ordinal0 [0x005E6BB3+1076147]&#10;	Ordinal0 [0x005E5B65+1071973]&#10;	BaseThreadInitThunk [0x77286359+25]&#10;	RtlGetAppContainerNamedObjectPath [0x77A37B74+228]&#10;	RtlGetAppContainerNamedObjectPath [0x77A37B44+180]&#10;" type="cucumber.runtime.CucumberException"><![CDATA[cucumber.runtime.CucumberException: org.openqa.selenium.SessionNotCreatedException: session not created: This version of ChromeDriver only supports Chrome version 76
Build info: version: '3.141.5', revision: 'd54ebd709a', time: '2018-11-06T11:42:16'
System info: host: 'DESKTOP-UBRI0MS', ip: '192.168.23.176', os.name: 'Windows 10', os.arch: 'amd64', os.version: '10.0', java.version: '1.8.0_221'
Driver info: driver.version: SeleniumDriver
remote stacktrace: Backtrace:
	Ordinal0 [0x00647C53+1473619]
	Ordinal0 [0x005CAD71+961905]
	Ordinal0 [0x005542B3+475827]
	Ordinal0 [0x004EF365+62309]
	Ordinal0 [0x004EBC77+48247]
	Ordinal0 [0x00509149+168265]
	Ordinal0 [0x00508D1D+167197]
	Ordinal0 [0x0050742B+160811]
	Ordinal0 [0x004F0AE6+68326]
	Ordinal0 [0x004F1BF0+72688]
	Ordinal0 [0x004F1B89+72585]
	Ordinal0 [0x005E4B37+1067831]
	GetHandleVerifier [0x006E6845+506677]
	GetHandleVerifier [0x006E65E0+506064]
	GetHandleVerifier [0x006ED188+533624]
	GetHandleVerifier [0x006E701A+508682]
	Ordinal0 [0x005DC226+1032742]
	Ordinal0 [0x005DC09F+1032351]
	Ordinal0 [0x005E6A4B+1075787]
	Ordinal0 [0x005E6BB3+1076147]
	Ordinal0 [0x005E5B65+1071973]
	BaseThreadInitThunk [0x77286359+25]
	RtlGetAppContainerNamedObjectPath [0x77A37B74+228]
	RtlGetAppContainerNamedObjectPath [0x77A37B44+180]

	at cucumber.api.testng.TestNGCucumberRunner.runCucumber(TestNGCucumberRunner.java:69)
	at cucumber.api.testng.AbstractTestNGCucumberTests.feature(AbstractTestNGCucumberTests.java:21)
	at sun.reflect.NativeMethodAccessorImpl.invoke0(Native Method)
	at sun.reflect.NativeMethodAccessorImpl.invoke(NativeMethodAccessorImpl.java:62)
	at sun.reflect.DelegatingMethodAccessorImpl.invoke(DelegatingMethodAccessorImpl.java:43)
	at java.lang.reflect.Method.invoke(Method.java:498)
	at org.testng.internal.MethodInvocationHelper.invokeMethod(MethodInvocationHelper.java:86)
	at org.testng.internal.Invoker.invokeMethod(Invoker.java:643)
	at org.testng.internal.Invoker.invokeTestMethod(Invoker.java:820)
	at org.testng.internal.Invoker.invokeTestMethods(Invoker.java:1128)
	at org.testng.internal.TestMethodWorker.invokeTestMethods(TestMethodWorker.java:129)
	at org.testng.internal.TestMethodWorker.run(TestMethodWorker.java:112)
	at org.testng.TestRunner.privateRun(TestRunner.java:782)
	at org.testng.TestRunner.run(TestRunner.java:632)
	at org.testng.SuiteRunner.runTest(SuiteRunner.java:366)
	at org.testng.SuiteRunner.runSequentially(SuiteRunner.java:361)
	at org.testng.SuiteRunner.privateRun(SuiteRunner.java:319)
	at org.testng.SuiteRunner.run(SuiteRunner.java:268)
	at org.testng.SuiteRunnerWorker.runSuite(SuiteRunnerWorker.java:52)
	at org.testng.SuiteRunnerWorker.run(SuiteRunnerWorker.java:86)
	at org.testng.TestNG.runSuitesSequentially(TestNG.java:1244)
	at org.testng.TestNG.runSuitesLocally(TestNG.java:1169)
	at org.testng.TestNG.run(TestNG.java:1064)
	at org.apache.maven.surefire.testng.TestNGExecutor.run(TestNGExecutor.java:295)
	at org.apache.maven.surefire.testng.TestNGXmlTestSuite.execute(TestNGXmlTestSuite.java:84)
	at org.apache.maven.surefire.testng.TestNGProvider.invoke(TestNGProvider.java:90)
	at org.apache.maven.surefire.booter.ForkedBooter.invokeProviderInSameClassLoader(ForkedBooter.java:203)
	at org.apache.maven.surefire.booter.ForkedBooter.runSuitesInProcess(ForkedBooter.java:155)
	at org.apache.maven.surefire.booter.ForkedBooter.main(ForkedBooter.java:103)
Caused by: org.openqa.selenium.SessionNotCreatedException: session not created: This version of ChromeDriver only supports Chrome version 76
Build info: version: '3.141.5', revision: 'd54ebd709a', time: '2018-11-06T11:42:16'
System info: host: 'DESKTOP-UBRI0MS', ip: '192.168.23.176', os.name: 'Windows 10', os.arch: 'amd64', os.version: '10.0', java.version: '1.8.0_221'
Driver info: driver.version: SeleniumDriver
remote stacktrace: Backtrace:
	Ordinal0 [0x00647C53+1473619]
	Ordinal0 [0x005CAD71+961905]
	Ordinal0 [0x005542B3+475827]
	Ordinal0 [0x004EF365+62309]
	Ordinal0 [0x004EBC77+48247]
	Ordinal0 [0x00509149+168265]
	Ordinal0 [0x00508D1D+167197]
	Ordinal0 [0x0050742B+160811]
	Ordinal0 [0x004F0AE6+68326]
	Ordinal0 [0x004F1BF0+72688]
	Ordinal0 [0x004F1B89+72585]
	Ordinal0 [0x005E4B37+1067831]
	GetHandleVerifier [0x006E6845+506677]
	GetHandleVerifier [0x006E65E0+506064]
	GetHandleVerifier [0x006ED188+533624]
	GetHandleVerifier [0x006E701A+508682]
	Ordinal0 [0x005DC226+1032742]
	Ordinal0 [0x005DC09F+1032351]
	Ordinal0 [0x005E6A4B+1075787]
	Ordinal0 [0x005E6BB3+1076147]
	Ordinal0 [0x005E5B65+1071973]
	BaseThreadInitThunk [0x77286359+25]
	RtlGetAppContainerNamedObjectPath [0x77A37B74+228]
	RtlGetAppContainerNamedObjectPath [0x77A37B44+180]

	at sun.reflect.NativeConstructorAccessorImpl.newInstance0(Native Method)
	at sun.reflect.NativeConstructorAccessorImpl.newInstance(NativeConstructorAccessorImpl.java:62)
	at sun.reflect.DelegatingConstructorAccessorImpl.newInstance(DelegatingConstructorAccessorImpl.java:45)
	at java.lang.reflect.Constructor.newInstance(Constructor.java:423)
	at org.openqa.selenium.remote.W3CHandshakeResponse.lambda$errorHandler$0(W3CHandshakeResponse.java:62)
	at org.openqa.selenium.remote.HandshakeResponse.lambda$getResponseFunction$0(HandshakeResponse.java:30)
	at org.openqa.selenium.remote.ProtocolHandshake.lambda$createSession$0(ProtocolHandshake.java:123)
	at java.util.stream.ReferencePipeline$3$1.accept(ReferencePipeline.java:193)
	at java.util.Spliterators$ArraySpliterator.tryAdvance(Spliterators.java:958)
	at java.util.stream.ReferencePipeline.forEachWithCancel(ReferencePipeline.java:126)
	at java.util.stream.AbstractPipeline.copyIntoWithCancel(AbstractPipeline.java:499)
	at java.util.stream.AbstractPipeline.copyInto(AbstractPipeline.java:486)
	at java.util.stream.AbstractPipeline.wrapAndCopyInto(AbstractPipeline.java:472)
	at java.util.stream.FindOps$FindOp.evaluateSequential(FindOps.java:152)
	at java.util.stream.AbstractPipeline.evaluate(AbstractPipeline.java:234)
	at java.util.stream.ReferencePipeline.findFirst(ReferencePipeline.java:464)
	at org.openqa.selenium.remote.ProtocolHandshake.createSession(ProtocolHandshake.java:125)
	at org.openqa.selenium.remote.ProtocolHandshake.createSession(ProtocolHandshake.java:74)
	at org.openqa.selenium.remote.HttpCommandExecutor.execute(HttpCommandExecutor.java:136)
	at org.openqa.selenium.remote.service.DriverCommandExecutor.execute(DriverCommandExecutor.java:83)
	at org.openqa.selenium.remote.RemoteWebDriver.execute(RemoteWebDriver.java:552)
	at org.openqa.selenium.remote.RemoteWebDriver.startSession(RemoteWebDriver.java:213)
	at org.openqa.selenium.remote.RemoteWebDriver.<init>(RemoteWebDriver.java:131)
	at org.openqa.selenium.chrome.ChromeDriver.<init>(ChromeDriver.java:181)
	at org.openqa.selenium.chrome.ChromeDriver.<init>(ChromeDriver.java:168)
	at org.openqa.selenium.chrome.ChromeDriver.<init>(ChromeDriver.java:123)
	at utils.SeleniumDriver.<init>(SeleniumDriver.java:21)
	at utils.SeleniumDriver.setUpDriver(SeleniumDriver.java:40)
	at steps.BeforeActions.setUp(BeforeActions.java:12)
	at sun.reflect.NativeMethodAccessorImpl.invoke0(Native Method)
	at sun.reflect.NativeMethodAccessorImpl.invoke(NativeMethodAccessorImpl.java:62)
	at sun.reflect.DelegatingMethodAccessorImpl.invoke(DelegatingMethodAccessorImpl.java:43)
	at java.lang.reflect.Method.invoke(Method.java:498)
	at cucumber.runtime.Utils$1.call(Utils.java:40)
	at cucumber.runtime.Timeout.timeout(Timeout.java:16)
	at cucumber.runtime.Utils.invoke(Utils.java:34)
	at cucumber.runtime.java.JavaHookDefinition.execute(JavaHookDefinition.java:60)
	at cucumber.runtime.Runtime.runHookIfTagsMatch(Runtime.java:224)
	at cucumber.runtime.Runtime.runHooks(Runtime.java:212)
	at cucumber.runtime.Runtime.runBeforeHooks(Runtime.java:202)
	at cucumber.runtime.model.CucumberScenario.run(CucumberScenario.java:40)
	at cucumber.runtime.model.CucumberFeature.run(CucumberFeature.java:165)
	at cucumber.api.testng.TestNGCucumberRunner.runCucumber(TestNGCucumberRunner.java:63)
	at cucumber.api.testng.AbstractTestNGCucumberTests.feature(AbstractTestNGCucumberTests.java:21)
	at sun.reflect.NativeMethodAccessorImpl.invoke0(Native Method)
	at sun.reflect.NativeMethodAccessorImpl.invoke(NativeMethodAccessorImpl.java:62)
	at sun.reflect.DelegatingMethodAccessorImpl.invoke(DelegatingMethodAccessorImpl.java:43)
	at java.lang.reflect.Method.invoke(Method.java:498)
	at org.testng.internal.MethodInvocationHelper.invokeMethod(MethodInvocationHelper.java:86)
	at org.testng.internal.Invoker.invokeMethod(Invoker.java:643)
	at org.testng.internal.Invoker.invokeTestMethod(Invoker.java:820)
	at org.testng.internal.Invoker.invokeTestMethods(Invoker.java:1128)
	at org.testng.internal.TestMethodWorker.invokeTestMethods(TestMethodWorker.java:129)
	at org.testng.internal.TestMethodWorker.run(TestMethodWorker.java:112)
	at org.testng.TestRunner.privateRun(TestRunner.java:782)
	at org.testng.TestRunner.run(TestRunner.java:632)
	at org.testng.SuiteRunner.runTest(SuiteRunner.java:366)
	at org.testng.SuiteRunner.runSequentially(SuiteRunner.java:361)
	at org.testng.SuiteRunner.privateRun(SuiteRunner.java:319)
	at org.testng.SuiteRunner.run(SuiteRunner.java:268)
	at org.testng.SuiteRunnerWorker.runSuite(SuiteRunnerWorker.java:52)
	at org.testng.SuiteRunnerWorker.run(SuiteRunnerWorker.java:86)
	at org.testng.TestNG.runSuitesSequentially(TestNG.java:1244)
	at org.testng.TestNG.runSuitesLocally(TestNG.java:1169)
	at org.testng.TestNG.run(TestNG.java:1064)
	at org.apache.maven.surefire.testng.TestNGExecutor.run(TestNGExecutor.java:295)
	at org.apache.maven.surefire.testng.TestNGXmlTestSuite.execute(TestNGXmlTestSuite.java:84)
	at org.apache.maven.surefire.testng.TestNGProvider.invoke(TestNGProvider.java:90)
	at org.apache.maven.surefire.booter.ForkedBooter.invokeProviderInSameClassLoader(ForkedBooter.java:203)
	at org.apache.maven.surefire.booter.ForkedBooter.runSuitesInProcess(ForkedBooter.java:155)
	at org.apache.maven.surefire.booter.ForkedBooter.main(ForkedBooter.java:103)
]]></failure>
    <system-out><![CDATA[@Search-Cars
Feature: Acceptance testing to validate Car Search Page
  This is to validate the Cars Search feature of 
  CarsGuide application
Before
&amp#27;[31mFailure in before hook:&amp#27;[0m&amp#27;[31mBeforeActions.setUp()&amp#27;[0m
&amp#27;[31mMessage: &amp#27;[0m&amp#27;[31morg.openqa.selenium.SessionNotCreatedException: session not created: This version of ChromeDriver only supports Chrome version 76
Build info: version: '3.141.5', revision: 'd54ebd709a', time: '2018-11-06T11:42:16'
System info: host: 'DESKTOP-UBRI0MS', ip: '192.168.23.176', os.name: 'Windows 10', os.arch: 'amd64', os.version: '10.0', java.version: '1.8.0_221'
Driver info: driver.version: SeleniumDriver
remote stacktrace: Backtrace:
	Ordinal0 [0x00647C53+1473619]
	Ordinal0 [0x005CAD71+961905]
	Ordinal0 [0x005542B3+475827]
	Ordinal0 [0x004EF365+62309]
	Ordinal0 [0x004EBC77+48247]
	Ordinal0 [0x00509149+168265]
	Ordinal0 [0x00508D1D+167197]
	Ordinal0 [0x0050742B+160811]
	Ordinal0 [0x004F0AE6+68326]
	Ordinal0 [0x004F1BF0+72688]
	Ordinal0 [0x004F1B89+72585]
	Ordinal0 [0x005E4B37+1067831]
	GetHandleVerifier [0x006E6845+506677]
	GetHandleVerifier [0x006E65E0+506064]
	GetHandleVerifier [0x006ED188+533624]
	GetHandleVerifier [0x006E701A+508682]
	Ordinal0 [0x005DC226+1032742]
	Ordinal0 [0x005DC09F+1032351]
	Ordinal0 [0x005E6A4B+1075787]
	Ordinal0 [0x005E6BB3+1076147]
	Ordinal0 [0x005E5B65+1071973]
	BaseThreadInitThunk [0x77286359+25]
	RtlGetAppContainerNamedObjectPath [0x77A37B74+228]
	RtlGetAppContainerNamedObjectPath [0x77A37B44+180]

	at sun.reflect.NativeConstructorAccessorImpl.newInstance0(Native Method)
	at sun.reflect.NativeConstructorAccessorImpl.newInstance(NativeConstructorAccessorImpl.java:62)
	at sun.reflect.DelegatingConstructorAccessorImpl.newInstance(DelegatingConstructorAccessorImpl.java:45)
	at java.lang.reflect.Constructor.newInstance(Constructor.java:423)
	at org.openqa.selenium.remote.W3CHandshakeResponse.lambda$errorHandler$0(W3CHandshakeResponse.java:62)
	at org.openqa.selenium.remote.HandshakeResponse.lambda$getResponseFunction$0(HandshakeResponse.java:30)
	at org.openqa.selenium.remote.ProtocolHandshake.lambda$createSession$0(ProtocolHandshake.java:123)
	at java.util.stream.ReferencePipeline$3$1.accept(ReferencePipeline.java:193)
	at java.util.Spliterators$ArraySpliterator.tryAdvance(Spliterators.java:958)
	at java.util.stream.ReferencePipeline.forEachWithCancel(ReferencePipeline.java:126)
	at java.util.stream.AbstractPipeline.copyIntoWithCancel(AbstractPipeline.java:499)
	at java.util.stream.AbstractPipeline.copyInto(AbstractPipeline.java:486)
	at java.util.stream.AbstractPipeline.wrapAndCopyInto(AbstractPipeline.java:472)
	at java.util.stream.FindOps$FindOp.evaluateSequential(FindOps.java:152)
	at java.util.stream.AbstractPipeline.evaluate(AbstractPipeline.java:234)
	at java.util.stream.ReferencePipeline.findFirst(ReferencePipeline.java:464)
	at org.openqa.selenium.remote.ProtocolHandshake.createSession(ProtocolHandshake.java:125)
	at org.openqa.selenium.remote.ProtocolHandshake.createSession(ProtocolHandshake.java:74)
	at org.openqa.selenium.remote.HttpCommandExecutor.execute(HttpCommandExecutor.java:136)
	at org.openqa.selenium.remote.service.DriverCommandExecutor.execute(DriverCommandExecutor.java:83)
	at org.openqa.selenium.remote.RemoteWebDriver.execute(RemoteWebDriver.java:552)
	at org.openqa.selenium.remote.RemoteWebDriver.startSession(RemoteWebDriver.java:213)
	at org.openqa.selenium.remote.RemoteWebDriver.<init>(RemoteWebDriver.java:131)
	at org.openqa.selenium.chrome.ChromeDriver.<init>(ChromeDriver.java:181)
	at org.openqa.selenium.chrome.ChromeDriver.<init>(ChromeDriver.java:168)
	at org.openqa.selenium.chrome.ChromeDriver.<init>(ChromeDriver.java:123)
	at utils.SeleniumDriver.<init>(SeleniumDriver.java:21)
	at utils.SeleniumDriver.setUpDriver(SeleniumDriver.java:40)
	at steps.BeforeActions.setUp(BeforeActions.java:12)
	at sun.reflect.NativeMethodAccessorImpl.invoke0(Native Method)
	at sun.reflect.NativeMethodAccessorImpl.invoke(NativeMethodAccessorImpl.java:62)
	at sun.reflect.DelegatingMethodAccessorImpl.invoke(DelegatingMethodAccessorImpl.java:43)
	at java.lang.reflect.Method.invoke(Method.java:498)
	at cucumber.runtime.Utils$1.call(Utils.java:40)
	at cucumber.runtime.Timeout.timeout(Timeout.java:16)
	at cucumber.runtime.Utils.invoke(Utils.java:34)
	at cucumber.runtime.java.JavaHookDefinition.execute(JavaHookDefinition.java:60)
	at cucumber.runtime.Runtime.runHookIfTagsMatch(Runtime.java:224)
	at cucumber.runtime.Runtime.runHooks(Runtime.java:212)
	at cucumber.runtime.Runtime.runBeforeHooks(Runtime.java:202)
	at cucumber.runtime.model.CucumberScenario.run(CucumberScenario.java:40)
	at cucumber.runtime.model.CucumberFeature.run(CucumberFeature.java:165)
	at cucumber.api.testng.TestNGCucumberRunner.runCucumber(TestNGCucumberRunner.java:63)
	at cucumber.api.testng.AbstractTestNGCucumberTests.feature(AbstractTestNGCucumberTests.java:21)
	at sun.reflect.NativeMethodAccessorImpl.invoke0(Native Method)
	at sun.reflect.NativeMethodAccessorImpl.invoke(NativeMethodAccessorImpl.java:62)
	at sun.reflect.DelegatingMethodAccessorImpl.invoke(DelegatingMethodAccessorImpl.java:43)
	at java.lang.reflect.Method.invoke(Method.java:498)
	at org.testng.internal.MethodInvocationHelper.invokeMethod(MethodInvocationHelper.java:86)
	at org.testng.internal.Invoker.invokeMethod(Invoker.java:643)
	at org.testng.internal.Invoker.invokeTestMethod(Invoker.java:820)
	at org.testng.internal.Invoker.invokeTestMethods(Invoker.java:1128)
	at org.testng.internal.TestMethodWorker.invokeTestMethods(TestMethodWorker.java:129)
	at org.testng.internal.TestMethodWorker.run(TestMethodWorker.java:112)
	at org.testng.TestRunner.privateRun(TestRunner.java:782)
	at org.testng.TestRunner.run(TestRunner.java:632)
	at org.testng.SuiteRunner.runTest(SuiteRunner.java:366)
	at org.testng.SuiteRunner.runSequentially(SuiteRunner.java:361)
	at org.testng.SuiteRunner.privateRun(SuiteRunner.java:319)
	at org.testng.SuiteRunner.run(SuiteRunner.java:268)
	at org.testng.SuiteRunnerWorker.runSuite(SuiteRunnerWorker.java:52)
	at org.testng.SuiteRunnerWorker.run(SuiteRunnerWorker.java:86)
	at org.testng.TestNG.runSuitesSequentially(TestNG.java:1244)
	at org.testng.TestNG.runSuitesLocally(TestNG.java:1169)
	at org.testng.TestNG.run(TestNG.java:1064)
	at org.apache.maven.surefire.testng.TestNGExecutor.run(TestNGExecutor.java:295)
	at org.apache.maven.surefire.testng.TestNGXmlTestSuite.execute(TestNGXmlTestSuite.java:84)
	at org.apache.maven.surefire.testng.TestNGProvider.invoke(TestNGProvider.java:90)
	at org.apache.maven.surefire.booter.ForkedBooter.invokeProviderInSameClassLoader(ForkedBooter.java:203)
	at org.apache.maven.surefire.booter.ForkedBooter.runSuitesInProcess(ForkedBooter.java:155)
	at org.apache.maven.surefire.booter.ForkedBooter.main(ForkedBooter.java:103)
&amp#27;[0m
      &amp#27;[31morg.openqa.selenium.SessionNotCreatedException: session not created: This version of ChromeDriver only supports Chrome version 76
      Build info: version: '3.141.5', revision: 'd54ebd709a', time: '2018-11-06T11:42:16'
      System info: host: 'DESKTOP-UBRI0MS', ip: '192.168.23.176', os.name: 'Windows 10', os.arch: 'amd64', os.version: '10.0', java.version: '1.8.0_221'
      Driver info: driver.version: SeleniumDriver
      remote stacktrace: Backtrace:
      	Ordinal0 [0x00647C53+1473619]
      	Ordinal0 [0x005CAD71+961905]
      	Ordinal0 [0x005542B3+475827]
      	Ordinal0 [0x004EF365+62309]
      	Ordinal0 [0x004EBC77+48247]
      	Ordinal0 [0x00509149+168265]
      	Ordinal0 [0x00508D1D+167197]
      	Ordinal0 [0x0050742B+160811]
      	Ordinal0 [0x004F0AE6+68326]
      	Ordinal0 [0x004F1BF0+72688]
      	Ordinal0 [0x004F1B89+72585]
      	Ordinal0 [0x005E4B37+1067831]
      	GetHandleVerifier [0x006E6845+506677]
      	GetHandleVerifier [0x006E65E0+506064]
      	GetHandleVerifier [0x006ED188+533624]
      	GetHandleVerifier [0x006E701A+508682]
      	Ordinal0 [0x005DC226+1032742]
      	Ordinal0 [0x005DC09F+1032351]
      	Ordinal0 [0x005E6A4B+1075787]
      	Ordinal0 [0x005E6BB3+1076147]
      	Ordinal0 [0x005E5B65+1071973]
      	BaseThreadInitThunk [0x77286359+25]
      	RtlGetAppContainerNamedObjectPath [0x77A37B74+228]
      	RtlGetAppContainerNamedObjectPath [0x77A37B44+180]
      
      	at sun.reflect.NativeConstructorAccessorImpl.newInstance0(Native Method)
      	at sun.reflect.NativeConstructorAccessorImpl.newInstance(NativeConstructorAccessorImpl.java:62)
      	at sun.reflect.DelegatingConstructorAccessorImpl.newInstance(DelegatingConstructorAccessorImpl.java:45)
      	at java.lang.reflect.Constructor.newInstance(Constructor.java:423)
      	at org.openqa.selenium.remote.W3CHandshakeResponse.lambda$errorHandler$0(W3CHandshakeResponse.java:62)
      	at org.openqa.selenium.remote.HandshakeResponse.lambda$getResponseFunction$0(HandshakeResponse.java:30)
      	at org.openqa.selenium.remote.ProtocolHandshake.lambda$createSession$0(ProtocolHandshake.java:123)
      	at java.util.stream.ReferencePipeline$3$1.accept(ReferencePipeline.java:193)
      	at java.util.Spliterators$ArraySpliterator.tryAdvance(Spliterators.java:958)
      	at java.util.stream.ReferencePipeline.forEachWithCancel(ReferencePipeline.java:126)
      	at java.util.stream.AbstractPipeline.copyIntoWithCancel(AbstractPipeline.java:499)
      	at java.util.stream.AbstractPipeline.copyInto(AbstractPipeline.java:486)
      	at java.util.stream.AbstractPipeline.wrapAndCopyInto(AbstractPipeline.java:472)
      	at java.util.stream.FindOps$FindOp.evaluateSequential(FindOps.java:152)
      	at java.util.stream.AbstractPipeline.evaluate(AbstractPipeline.java:234)
      	at java.util.stream.ReferencePipeline.findFirst(ReferencePipeline.java:464)
      	at org.openqa.selenium.remote.ProtocolHandshake.createSession(ProtocolHandshake.java:125)
      	at org.openqa.selenium.remote.ProtocolHandshake.createSession(ProtocolHandshake.java:74)
      	at org.openqa.selenium.remote.HttpCommandExecutor.execute(HttpCommandExecutor.java:136)
      	at org.openqa.selenium.remote.service.DriverCommandExecutor.execute(DriverCommandExecutor.java:83)
      	at org.openqa.selenium.remote.RemoteWebDriver.execute(RemoteWebDriver.java:552)
      	at org.openqa.selenium.remote.RemoteWebDriver.startSession(RemoteWebDriver.java:213)
      	at org.openqa.selenium.remote.RemoteWebDriver.<init>(RemoteWebDriver.java:131)
      	at org.openqa.selenium.chrome.ChromeDriver.<init>(ChromeDriver.java:181)
      	at org.openqa.selenium.chrome.ChromeDriver.<init>(ChromeDriver.java:168)
      	at org.openqa.selenium.chrome.ChromeDriver.<init>(ChromeDriver.java:123)
      	at utils.SeleniumDriver.<init>(SeleniumDriver.java:21)
      	at utils.SeleniumDriver.setUpDriver(SeleniumDriver.java:40)
      	at steps.BeforeActions.setUp(BeforeActions.java:12)
      	at sun.reflect.NativeMethodAccessorImpl.invoke0(Native Method)
      	at sun.reflect.NativeMethodAccessorImpl.invoke(NativeMethodAccessorImpl.java:62)
      	at sun.reflect.DelegatingMethodAccessorImpl.invoke(DelegatingMethodAccessorImpl.java:43)
      	at java.lang.reflect.Method.invoke(Method.java:498)
      	at cucumber.runtime.Utils$1.call(Utils.java:40)
      	at cucumber.runtime.Timeout.timeout(Timeout.java:16)
      	at cucumber.runtime.Utils.invoke(Utils.java:34)
      	at cucumber.runtime.java.JavaHookDefinition.execute(JavaHookDefinition.java:60)
      	at cucumber.runtime.Runtime.runHookIfTagsMatch(Runtime.java:224)
      	at cucumber.runtime.Runtime.runHooks(Runtime.java:212)
      	at cucumber.runtime.Runtime.runBeforeHooks(Runtime.java:202)
      	at cucumber.runtime.model.CucumberScenario.run(CucumberScenario.java:40)
      	at cucumber.runtime.model.CucumberFeature.run(CucumberFeature.java:165)
      	at cucumber.api.testng.TestNGCucumberRunner.runCucumber(TestNGCucumberRunner.java:63)
      	at cucumber.api.testng.AbstractTestNGCucumberTests.feature(AbstractTestNGCucumberTests.java:21)
      	at sun.reflect.NativeMethodAccessorImpl.invoke0(Native Method)
      	at sun.reflect.NativeMethodAccessorImpl.invoke(NativeMethodAccessorImpl.java:62)
      	at sun.reflect.DelegatingMethodAccessorImpl.invoke(DelegatingMethodAccessorImpl.java:43)
      	at java.lang.reflect.Method.invoke(Method.java:498)
      	at org.testng.internal.MethodInvocationHelper.invokeMethod(MethodInvocationHelper.java:86)
      	at org.testng.internal.Invoker.invokeMethod(Invoker.java:643)
      	at org.testng.internal.Invoker.invokeTestMethod(Invoker.java:820)
      	at org.testng.internal.Invoker.invokeTestMethods(Invoker.java:1128)
      	at org.testng.internal.TestMethodWorker.invokeTestMethods(TestMethodWorker.java:129)
      	at org.testng.internal.TestMethodWorker.run(TestMethodWorker.java:112)
      	at org.testng.TestRunner.privateRun(TestRunner.java:782)
      	at org.testng.TestRunner.run(TestRunner.java:632)
      	at org.testng.SuiteRunner.runTest(SuiteRunner.java:366)
      	at org.testng.SuiteRunner.runSequentially(SuiteRunner.java:361)
      	at org.testng.SuiteRunner.privateRun(SuiteRunner.java:319)
      	at org.testng.SuiteRunner.run(SuiteRunner.java:268)
      	at org.testng.SuiteRunnerWorker.runSuite(SuiteRunnerWorker.java:52)
      	at org.testng.SuiteRunnerWorker.run(SuiteRunnerWorker.java:86)
      	at org.testng.TestNG.runSuitesSequentially(TestNG.java:1244)
      	at org.testng.TestNG.runSuitesLocally(TestNG.java:1169)
      	at org.testng.TestNG.run(TestNG.java:1064)
      	at org.apache.maven.surefire.testng.TestNGExecutor.run(TestNGExecutor.java:295)
      	at org.apache.maven.surefire.testng.TestNGXmlTestSuite.execute(TestNGXmlTestSuite.java:84)
      	at org.apache.maven.surefire.testng.TestNGProvider.invoke(TestNGProvider.java:90)
      	at org.apache.maven.surefire.booter.ForkedBooter.invokeProviderInSameClassLoader(ForkedBooter.java:203)
      	at org.apache.maven.surefire.booter.ForkedBooter.runSuitesInProcess(ForkedBooter.java:155)
      	at org.apache.maven.surefire.booter.ForkedBooter.main(ForkedBooter.java:103)
      &amp#27;[0m
true
&amp#27;[31mFailure in after hook:&amp#27;[0m&amp#27;[31mAfterActions.tearDown(Scenario)&amp#27;[0m
&amp#27;[31mMessage: &amp#27;[0m&amp#27;[31mjava.lang.NullPointerException
	at steps.AfterActions.tearDown(AfterActions.java:20)
	at sun.reflect.NativeMethodAccessorImpl.invoke0(Native Method)
	at sun.reflect.NativeMethodAccessorImpl.invoke(NativeMethodAccessorImpl.java:62)
	at sun.reflect.DelegatingMethodAccessorImpl.invoke(DelegatingMethodAccessorImpl.java:43)
	at java.lang.reflect.Method.invoke(Method.java:498)
	at cucumber.runtime.Utils$1.call(Utils.java:40)
	at cucumber.runtime.Timeout.timeout(Timeout.java:16)
	at cucumber.runtime.Utils.invoke(Utils.java:34)
	at cucumber.runtime.java.JavaHookDefinition.execute(JavaHookDefinition.java:60)
	at cucumber.runtime.Runtime.runHookIfTagsMatch(Runtime.java:224)
	at cucumber.runtime.Runtime.runHooks(Runtime.java:212)
	at cucumber.runtime.Runtime.runAfterHooks(Runtime.java:206)
	at cucumber.runtime.model.CucumberScenario.run(CucumberScenario.java:46)
	at cucumber.runtime.model.CucumberFeature.run(CucumberFeature.java:165)
	at cucumber.api.testng.TestNGCucumberRunner.runCucumber(TestNGCucumberRunner.java:63)
	at cucumber.api.testng.AbstractTestNGCucumberTests.feature(AbstractTestNGCucumberTests.java:21)
	at sun.reflect.NativeMethodAccessorImpl.invoke0(Native Method)
	at sun.reflect.NativeMethodAccessorImpl.invoke(NativeMethodAccessorImpl.java:62)
	at sun.reflect.DelegatingMethodAccessorImpl.invoke(DelegatingMethodAccessorImpl.java:43)
	at java.lang.reflect.Method.invoke(Method.java:498)
	at org.testng.internal.MethodInvocationHelper.invokeMethod(MethodInvocationHelper.java:86)
	at org.testng.internal.Invoker.invokeMethod(Invoker.java:643)
	at org.testng.internal.Invoker.invokeTestMethod(Invoker.java:820)
	at org.testng.internal.Invoker.invokeTestMethods(Invoker.java:1128)
	at org.testng.internal.TestMethodWorker.invokeTestMethods(TestMethodWorker.java:129)
	at org.testng.internal.TestMethodWorker.run(TestMethodWorker.java:112)
	at org.testng.TestRunner.privateRun(TestRunner.java:782)
	at org.testng.TestRunner.run(TestRunner.java:632)
	at org.testng.SuiteRunner.runTest(SuiteRunner.java:366)
	at org.testng.SuiteRunner.runSequentially(SuiteRunner.java:361)
	at org.testng.SuiteRunner.privateRun(SuiteRunner.java:319)
	at org.testng.SuiteRunner.run(SuiteRunner.java:268)
	at org.testng.SuiteRunnerWorker.runSuite(SuiteRunnerWorker.java:52)
	at org.testng.SuiteRunnerWorker.run(SuiteRunnerWorker.java:86)
	at org.testng.TestNG.runSuitesSequentially(TestNG.java:1244)
	at org.testng.TestNG.runSuitesLocally(TestNG.java:1169)
	at org.testng.TestNG.run(TestNG.java:1064)
	at org.apache.maven.surefire.testng.TestNGExecutor.run(TestNGExecutor.java:295)
	at org.apache.maven.surefire.testng.TestNGXmlTestSuite.execute(TestNGXmlTestSuite.java:84)
	at org.apache.maven.surefire.testng.TestNGProvider.invoke(TestNGProvider.java:90)
	at org.apache.maven.surefire.booter.ForkedBooter.invokeProviderInSameClassLoader(ForkedBooter.java:203)
	at org.apache.maven.surefire.booter.ForkedBooter.runSuitesInProcess(ForkedBooter.java:155)
	at org.apache.maven.surefire.booter.ForkedBooter.main(ForkedBooter.java:103)
&amp#27;[0m
      &amp#27;[31mjava.lang.NullPointerException
      	at steps.AfterActions.tearDown(AfterActions.java:20)
      	at sun.reflect.NativeMethodAccessorImpl.invoke0(Native Method)
      	at sun.reflect.NativeMethodAccessorImpl.invoke(NativeMethodAccessorImpl.java:62)
      	at sun.reflect.DelegatingMethodAccessorImpl.invoke(DelegatingMethodAccessorImpl.java:43)
      	at java.lang.reflect.Method.invoke(Method.java:498)
      	at cucumber.runtime.Utils$1.call(Utils.java:40)
      	at cucumber.runtime.Timeout.timeout(Timeout.java:16)
      	at cucumber.runtime.Utils.invoke(Utils.java:34)
      	at cucumber.runtime.java.JavaHookDefinition.execute(JavaHookDefinition.java:60)
      	at cucumber.runtime.Runtime.runHookIfTagsMatch(Runtime.java:224)
      	at cucumber.runtime.Runtime.runHooks(Runtime.java:212)
      	at cucumber.runtime.Runtime.runAfterHooks(Runtime.java:206)
      	at cucumber.runtime.model.CucumberScenario.run(CucumberScenario.java:46)
      	at cucumber.runtime.model.CucumberFeature.run(CucumberFeature.java:165)
      	at cucumber.api.testng.TestNGCucumberRunner.runCucumber(TestNGCucumberRunner.java:63)
      	at cucumber.api.testng.AbstractTestNGCucumberTests.feature(AbstractTestNGCucumberTests.java:21)
      	at sun.reflect.NativeMethodAccessorImpl.invoke0(Native Method)
      	at sun.reflect.NativeMethodAccessorImpl.invoke(NativeMethodAccessorImpl.java:62)
      	at sun.reflect.DelegatingMethodAccessorImpl.invoke(DelegatingMethodAccessorImpl.java:43)
      	at java.lang.reflect.Method.invoke(Method.java:498)
      	at org.testng.internal.MethodInvocationHelper.invokeMethod(MethodInvocationHelper.java:86)
      	at org.testng.internal.Invoker.invokeMethod(Invoker.java:643)
      	at org.testng.internal.Invoker.invokeTestMethod(Invoker.java:820)
      	at org.testng.internal.Invoker.invokeTestMethods(Invoker.java:1128)
      	at org.testng.internal.TestMethodWorker.invokeTestMethods(TestMethodWorker.java:129)
      	at org.testng.internal.TestMethodWorker.run(TestMethodWorker.java:112)
      	at org.testng.TestRunner.privateRun(TestRunner.java:782)
      	at org.testng.TestRunner.run(TestRunner.java:632)
      	at org.testng.SuiteRunner.runTest(SuiteRunner.java:366)
      	at org.testng.SuiteRunner.runSequentially(SuiteRunner.java:361)
      	at org.testng.SuiteRunner.privateRun(SuiteRunner.java:319)
      	at org.testng.SuiteRunner.run(SuiteRunner.java:268)
      	at org.testng.SuiteRunnerWorker.runSuite(SuiteRunnerWorker.java:52)
      	at org.testng.SuiteRunnerWorker.run(SuiteRunnerWorker.java:86)
      	at org.testng.TestNG.runSuitesSequentially(TestNG.java:1244)
      	at org.testng.TestNG.runSuitesLocally(TestNG.java:1169)
      	at org.testng.TestNG.run(TestNG.java:1064)
      	at org.apache.maven.surefire.testng.TestNGExecutor.run(TestNGExecutor.java:295)
      	at org.apache.maven.surefire.testng.TestNGXmlTestSuite.execute(TestNGXmlTestSuite.java:84)
      	at org.apache.maven.surefire.testng.TestNGProvider.invoke(TestNGProvider.java:90)
      	at org.apache.maven.surefire.booter.ForkedBooter.invokeProviderInSameClassLoader(ForkedBooter.java:203)
      	at org.apache.maven.surefire.booter.ForkedBooter.runSuitesInProcess(ForkedBooter.java:155)
      	at org.apache.maven.surefire.booter.ForkedBooter.main(ForkedBooter.java:103)
      &amp#27;[0m

  @Search-Cars-Positive
  Scenario: Validate Search Cars page                                                   &amp#27;[90m# SearchCars.feature:7&amp#27;[0m
    &amp#27;[36mGiven &amp#27;[0m&amp#27;[36mI am on the Home Page "&amp#27;[0m&amp#27;[36m&amp#27;[1mhttps://www.carsguide.com.au&amp#27;[0m&amp#27;[36m" of the CarsGuide website&amp#27;[0m &amp#27;[90m# SearchCarsSteps.i_am_on_the_Home_Page_of_the_CarsGuide_website(String)&amp#27;[0m
    &amp#27;[36mWhen &amp#27;[0m&amp#27;[36mI move to the menu&amp#27;[0m                                                             &amp#27;[90m# SearchCarsSteps.i_move_to_the_menu(String>)&amp#27;[0m
    &amp#27;[36mAnd &amp#27;[0m&amp#27;[36mclick on "&amp#27;[0m&amp#27;[36m&amp#27;[1mSearch Cars&amp#27;[0m&amp#27;[36m" link&amp#27;[0m                                                     &amp#27;[90m# SearchCarsSteps.click_on_link(String)&amp#27;[0m
    &amp#27;[36mAnd &amp#27;[0m&amp#27;[36mSelect car brand as "&amp#27;[0m&amp#27;[36m&amp#27;[1mBMW&amp#27;[0m&amp#27;[36m" from AnyMake dropdown&amp#27;[0m                                 &amp#27;[90m# SearchCarsSteps.select_car_brand_as_from_AnyMake_dropdown(String)&amp#27;[0m
    &amp#27;[36mAnd &amp#27;[0m&amp#27;[36mSelect car model as "&amp#27;[0m&amp#27;[36m&amp#27;[1m1 Series&amp#27;[0m&amp#27;[36m" from AnyModel dropdown&amp#27;[0m                           &amp#27;[90m# SearchCarsSteps.select_car_model_as_from_AnyModel_dropdown(String)&amp#27;[0m
    &amp#27;[36mAnd &amp#27;[0m&amp#27;[36mSelect location as "&amp#27;[0m&amp#27;[36m&amp#27;[1mNSW - All&amp#27;[0m&amp#27;[36m" from AnyLocation dropdown&amp#27;[0m                        &amp#27;[90m# SearchCarsSteps.select_location_as_from_AnyLocation_dropdown(String)&amp#27;[0m
    &amp#27;[36mAnd &amp#27;[0m&amp#27;[36mSelect price_max as "&amp#27;[0m&amp#27;[36m&amp#27;[1m$1,000&amp#27;[0m&amp#27;[36m" from Price dropdown&amp#27;[0m                                &amp#27;[90m# SearchCarsSteps.select_price_max_as_from_Price_dropdown(String)&amp#27;[0m
    &amp#27;[36mAnd &amp#27;[0m&amp#27;[36mI click on Find_My_Next_Car button&amp#27;[0m                                              &amp#27;[90m# SearchCarsSteps.i_click_on_Find_My_Next_Car_button()&amp#27;[0m
    &amp#27;[36mThen &amp#27;[0m&amp#27;[36mI should see list of searched cars&amp#27;[0m                                             &amp#27;[90m# SearchCarsSteps.i_should_see_list_of_searched_cars()&amp#27;[0m
    &amp#27;[36mAnd &amp#27;[0m&amp#27;[36mthe page title should be "&amp#27;[0m&amp#27;[36m&amp#27;[1mBmw 1 Series Under 1000 for Sale NSW | carsguide&amp#27;[0m&amp#27;[36m"&amp#27;[0m     &amp#27;[90m# SearchCarsSteps.the_page_title_should_be(String)&amp#27;[0m
]]></system-out>
    <system-err><![CDATA[Starting ChromeDriver 76.0.3809.126 (d80a294506b4c9d18015e755cee48f953ddc3f2f-refs/branch-heads/3809@{#1024}) on port 26453
Only local connections are allowed.
Please protect ports used by ChromeDriver and related test frameworks to prevent access by malicious code.
]]></system-err>
  </testcase>
  <testcase name="feature" classname="runner.RunCuke" time="1.566">
    <failure message="org.openqa.selenium.SessionNotCreatedException: session not created: This version of ChromeDriver only supports Chrome version 76&#10;Build info: version: &apos;3.141.5&apos;, revision: &apos;d54ebd709a&apos;, time: &apos;2018-11-06T11:42:16&apos;&#10;System info: host: &apos;DESKTOP-UBRI0MS&apos;, ip: &apos;192.168.23.176&apos;, os.name: &apos;Windows 10&apos;, os.arch: &apos;amd64&apos;, os.version: &apos;10.0&apos;, java.version: &apos;1.8.0_221&apos;&#10;Driver info: driver.version: SeleniumDriver&#10;remote stacktrace: Backtrace:&#10;	Ordinal0 [0x00647C53+1473619]&#10;	Ordinal0 [0x005CAD71+961905]&#10;	Ordinal0 [0x005542B3+475827]&#10;	Ordinal0 [0x004EF365+62309]&#10;	Ordinal0 [0x004EBC77+48247]&#10;	Ordinal0 [0x00509149+168265]&#10;	Ordinal0 [0x00508D1D+167197]&#10;	Ordinal0 [0x0050742B+160811]&#10;	Ordinal0 [0x004F0AE6+68326]&#10;	Ordinal0 [0x004F1BF0+72688]&#10;	Ordinal0 [0x004F1B89+72585]&#10;	Ordinal0 [0x005E4B37+1067831]&#10;	GetHandleVerifier [0x006E6845+506677]&#10;	GetHandleVerifier [0x006E65E0+506064]&#10;	GetHandleVerifier [0x006ED188+533624]&#10;	GetHandleVerifier [0x006E701A+508682]&#10;	Ordinal0 [0x005DC226+1032742]&#10;	Ordinal0 [0x005DC09F+1032351]&#10;	Ordinal0 [0x005E6A4B+1075787]&#10;	Ordinal0 [0x005E6BB3+1076147]&#10;	Ordinal0 [0x005E5B65+1071973]&#10;	BaseThreadInitThunk [0x77286359+25]&#10;	RtlGetAppContainerNamedObjectPath [0x77A37B74+228]&#10;	RtlGetAppContainerNamedObjectPath [0x77A37B44+180]&#10;" type="cucumber.runtime.CucumberException"><![CDATA[cucumber.runtime.CucumberException: org.openqa.selenium.SessionNotCreatedException: session not created: This version of ChromeDriver only supports Chrome version 76
Build info: version: '3.141.5', revision: 'd54ebd709a', time: '2018-11-06T11:42:16'
System info: host: 'DESKTOP-UBRI0MS', ip: '192.168.23.176', os.name: 'Windows 10', os.arch: 'amd64', os.version: '10.0', java.version: '1.8.0_221'
Driver info: driver.version: SeleniumDriver
remote stacktrace: Backtrace:
	Ordinal0 [0x00647C53+1473619]
	Ordinal0 [0x005CAD71+961905]
	Ordinal0 [0x005542B3+475827]
	Ordinal0 [0x004EF365+62309]
	Ordinal0 [0x004EBC77+48247]
	Ordinal0 [0x00509149+168265]
	Ordinal0 [0x00508D1D+167197]
	Ordinal0 [0x0050742B+160811]
	Ordinal0 [0x004F0AE6+68326]
	Ordinal0 [0x004F1BF0+72688]
	Ordinal0 [0x004F1B89+72585]
	Ordinal0 [0x005E4B37+1067831]
	GetHandleVerifier [0x006E6845+506677]
	GetHandleVerifier [0x006E65E0+506064]
	GetHandleVerifier [0x006ED188+533624]
	GetHandleVerifier [0x006E701A+508682]
	Ordinal0 [0x005DC226+1032742]
	Ordinal0 [0x005DC09F+1032351]
	Ordinal0 [0x005E6A4B+1075787]
	Ordinal0 [0x005E6BB3+1076147]
	Ordinal0 [0x005E5B65+1071973]
	BaseThreadInitThunk [0x77286359+25]
	RtlGetAppContainerNamedObjectPath [0x77A37B74+228]
	RtlGetAppContainerNamedObjectPath [0x77A37B44+180]

	at cucumber.api.testng.TestNGCucumberRunner.runCucumber(TestNGCucumberRunner.java:69)
	at cucumber.api.testng.AbstractTestNGCucumberTests.feature(AbstractTestNGCucumberTests.java:21)
	at sun.reflect.NativeMethodAccessorImpl.invoke0(Native Method)
	at sun.reflect.NativeMethodAccessorImpl.invoke(NativeMethodAccessorImpl.java:62)
	at sun.reflect.DelegatingMethodAccessorImpl.invoke(DelegatingMethodAccessorImpl.java:43)
	at java.lang.reflect.Method.invoke(Method.java:498)
	at org.testng.internal.MethodInvocationHelper.invokeMethod(MethodInvocationHelper.java:86)
	at org.testng.internal.Invoker.invokeMethod(Invoker.java:643)
	at org.testng.internal.Invoker.invokeTestMethod(Invoker.java:820)
	at org.testng.internal.Invoker.invokeTestMethods(Invoker.java:1128)
	at org.testng.internal.TestMethodWorker.invokeTestMethods(TestMethodWorker.java:129)
	at org.testng.internal.TestMethodWorker.run(TestMethodWorker.java:112)
	at org.testng.TestRunner.privateRun(TestRunner.java:782)
	at org.testng.TestRunner.run(TestRunner.java:632)
	at org.testng.SuiteRunner.runTest(SuiteRunner.java:366)
	at org.testng.SuiteRunner.runSequentially(SuiteRunner.java:361)
	at org.testng.SuiteRunner.privateRun(SuiteRunner.java:319)
	at org.testng.SuiteRunner.run(SuiteRunner.java:268)
	at org.testng.SuiteRunnerWorker.runSuite(SuiteRunnerWorker.java:52)
	at org.testng.SuiteRunnerWorker.run(SuiteRunnerWorker.java:86)
	at org.testng.TestNG.runSuitesSequentially(TestNG.java:1244)
	at org.testng.TestNG.runSuitesLocally(TestNG.java:1169)
	at org.testng.TestNG.run(TestNG.java:1064)
	at org.apache.maven.surefire.testng.TestNGExecutor.run(TestNGExecutor.java:295)
	at org.apache.maven.surefire.testng.TestNGXmlTestSuite.execute(TestNGXmlTestSuite.java:84)
	at org.apache.maven.surefire.testng.TestNGProvider.invoke(TestNGProvider.java:90)
	at org.apache.maven.surefire.booter.ForkedBooter.invokeProviderInSameClassLoader(ForkedBooter.java:203)
	at org.apache.maven.surefire.booter.ForkedBooter.runSuitesInProcess(ForkedBooter.java:155)
	at org.apache.maven.surefire.booter.ForkedBooter.main(ForkedBooter.java:103)
Caused by: org.openqa.selenium.SessionNotCreatedException: session not created: This version of ChromeDriver only supports Chrome version 76
Build info: version: '3.141.5', revision: 'd54ebd709a', time: '2018-11-06T11:42:16'
System info: host: 'DESKTOP-UBRI0MS', ip: '192.168.23.176', os.name: 'Windows 10', os.arch: 'amd64', os.version: '10.0', java.version: '1.8.0_221'
Driver info: driver.version: SeleniumDriver
remote stacktrace: Backtrace:
	Ordinal0 [0x00647C53+1473619]
	Ordinal0 [0x005CAD71+961905]
	Ordinal0 [0x005542B3+475827]
	Ordinal0 [0x004EF365+62309]
	Ordinal0 [0x004EBC77+48247]
	Ordinal0 [0x00509149+168265]
	Ordinal0 [0x00508D1D+167197]
	Ordinal0 [0x0050742B+160811]
	Ordinal0 [0x004F0AE6+68326]
	Ordinal0 [0x004F1BF0+72688]
	Ordinal0 [0x004F1B89+72585]
	Ordinal0 [0x005E4B37+1067831]
	GetHandleVerifier [0x006E6845+506677]
	GetHandleVerifier [0x006E65E0+506064]
	GetHandleVerifier [0x006ED188+533624]
	GetHandleVerifier [0x006E701A+508682]
	Ordinal0 [0x005DC226+1032742]
	Ordinal0 [0x005DC09F+1032351]
	Ordinal0 [0x005E6A4B+1075787]
	Ordinal0 [0x005E6BB3+1076147]
	Ordinal0 [0x005E5B65+1071973]
	BaseThreadInitThunk [0x77286359+25]
	RtlGetAppContainerNamedObjectPath [0x77A37B74+228]
	RtlGetAppContainerNamedObjectPath [0x77A37B44+180]

	at sun.reflect.NativeConstructorAccessorImpl.newInstance0(Native Method)
	at sun.reflect.NativeConstructorAccessorImpl.newInstance(NativeConstructorAccessorImpl.java:62)
	at sun.reflect.DelegatingConstructorAccessorImpl.newInstance(DelegatingConstructorAccessorImpl.java:45)
	at java.lang.reflect.Constructor.newInstance(Constructor.java:423)
	at org.openqa.selenium.remote.W3CHandshakeResponse.lambda$errorHandler$0(W3CHandshakeResponse.java:62)
	at org.openqa.selenium.remote.HandshakeResponse.lambda$getResponseFunction$0(HandshakeResponse.java:30)
	at org.openqa.selenium.remote.ProtocolHandshake.lambda$createSession$0(ProtocolHandshake.java:123)
	at java.util.stream.ReferencePipeline$3$1.accept(ReferencePipeline.java:193)
	at java.util.Spliterators$ArraySpliterator.tryAdvance(Spliterators.java:958)
	at java.util.stream.ReferencePipeline.forEachWithCancel(ReferencePipeline.java:126)
	at java.util.stream.AbstractPipeline.copyIntoWithCancel(AbstractPipeline.java:499)
	at java.util.stream.AbstractPipeline.copyInto(AbstractPipeline.java:486)
	at java.util.stream.AbstractPipeline.wrapAndCopyInto(AbstractPipeline.java:472)
	at java.util.stream.FindOps$FindOp.evaluateSequential(FindOps.java:152)
	at java.util.stream.AbstractPipeline.evaluate(AbstractPipeline.java:234)
	at java.util.stream.ReferencePipeline.findFirst(ReferencePipeline.java:464)
	at org.openqa.selenium.remote.ProtocolHandshake.createSession(ProtocolHandshake.java:125)
	at org.openqa.selenium.remote.ProtocolHandshake.createSession(ProtocolHandshake.java:74)
	at org.openqa.selenium.remote.HttpCommandExecutor.execute(HttpCommandExecutor.java:136)
	at org.openqa.selenium.remote.service.DriverCommandExecutor.execute(DriverCommandExecutor.java:83)
	at org.openqa.selenium.remote.RemoteWebDriver.execute(RemoteWebDriver.java:552)
	at org.openqa.selenium.remote.RemoteWebDriver.startSession(RemoteWebDriver.java:213)
	at org.openqa.selenium.remote.RemoteWebDriver.<init>(RemoteWebDriver.java:131)
	at org.openqa.selenium.chrome.ChromeDriver.<init>(ChromeDriver.java:181)
	at org.openqa.selenium.chrome.ChromeDriver.<init>(ChromeDriver.java:168)
	at org.openqa.selenium.chrome.ChromeDriver.<init>(ChromeDriver.java:123)
	at utils.SeleniumDriver.<init>(SeleniumDriver.java:21)
	at utils.SeleniumDriver.setUpDriver(SeleniumDriver.java:40)
	at steps.BeforeActions.setUp(BeforeActions.java:12)
	at sun.reflect.NativeMethodAccessorImpl.invoke0(Native Method)
	at sun.reflect.NativeMethodAccessorImpl.invoke(NativeMethodAccessorImpl.java:62)
	at sun.reflect.DelegatingMethodAccessorImpl.invoke(DelegatingMethodAccessorImpl.java:43)
	at java.lang.reflect.Method.invoke(Method.java:498)
	at cucumber.runtime.Utils$1.call(Utils.java:40)
	at cucumber.runtime.Timeout.timeout(Timeout.java:16)
	at cucumber.runtime.Utils.invoke(Utils.java:34)
	at cucumber.runtime.java.JavaHookDefinition.execute(JavaHookDefinition.java:60)
	at cucumber.runtime.Runtime.runHookIfTagsMatch(Runtime.java:224)
	at cucumber.runtime.Runtime.runHooks(Runtime.java:212)
	at cucumber.runtime.Runtime.runBeforeHooks(Runtime.java:202)
	at cucumber.runtime.model.CucumberScenario.run(CucumberScenario.java:40)
	at cucumber.runtime.model.CucumberFeature.run(CucumberFeature.java:165)
	at cucumber.api.testng.TestNGCucumberRunner.runCucumber(TestNGCucumberRunner.java:63)
	at cucumber.api.testng.AbstractTestNGCucumberTests.feature(AbstractTestNGCucumberTests.java:21)
	at sun.reflect.NativeMethodAccessorImpl.invoke0(Native Method)
	at sun.reflect.NativeMethodAccessorImpl.invoke(NativeMethodAccessorImpl.java:62)
	at sun.reflect.DelegatingMethodAccessorImpl.invoke(DelegatingMethodAccessorImpl.java:43)
	at java.lang.reflect.Method.invoke(Method.java:498)
	at org.testng.internal.MethodInvocationHelper.invokeMethod(MethodInvocationHelper.java:86)
	at org.testng.internal.Invoker.invokeMethod(Invoker.java:643)
	at org.testng.internal.Invoker.invokeTestMethod(Invoker.java:820)
	at org.testng.internal.Invoker.invokeTestMethods(Invoker.java:1128)
	at org.testng.internal.TestMethodWorker.invokeTestMethods(TestMethodWorker.java:129)
	at org.testng.internal.TestMethodWorker.run(TestMethodWorker.java:112)
	at org.testng.TestRunner.privateRun(TestRunner.java:782)
	at org.testng.TestRunner.run(TestRunner.java:632)
	at org.testng.SuiteRunner.runTest(SuiteRunner.java:366)
	at org.testng.SuiteRunner.runSequentially(SuiteRunner.java:361)
	at org.testng.SuiteRunner.privateRun(SuiteRunner.java:319)
	at org.testng.SuiteRunner.run(SuiteRunner.java:268)
	at org.testng.SuiteRunnerWorker.runSuite(SuiteRunnerWorker.java:52)
	at org.testng.SuiteRunnerWorker.run(SuiteRunnerWorker.java:86)
	at org.testng.TestNG.runSuitesSequentially(TestNG.java:1244)
	at org.testng.TestNG.runSuitesLocally(TestNG.java:1169)
	at org.testng.TestNG.run(TestNG.java:1064)
	at org.apache.maven.surefire.testng.TestNGExecutor.run(TestNGExecutor.java:295)
	at org.apache.maven.surefire.testng.TestNGXmlTestSuite.execute(TestNGXmlTestSuite.java:84)
	at org.apache.maven.surefire.testng.TestNGProvider.invoke(TestNGProvider.java:90)
	at org.apache.maven.surefire.booter.ForkedBooter.invokeProviderInSameClassLoader(ForkedBooter.java:203)
	at org.apache.maven.surefire.booter.ForkedBooter.runSuitesInProcess(ForkedBooter.java:155)
	at org.apache.maven.surefire.booter.ForkedBooter.main(ForkedBooter.java:103)
]]></failure>
    <system-out><![CDATA[@Used-Search-Cars
Feature: Acceptance testing to validate Car Search Page
  This is to validate the Cars Search feature of 
  CarsGuide application
Before
&amp#27;[31mFailure in before hook:&amp#27;[0m&amp#27;[31mBeforeActions.setUp()&amp#27;[0m
&amp#27;[31mMessage: &amp#27;[0m&amp#27;[31morg.openqa.selenium.SessionNotCreatedException: session not created: This version of ChromeDriver only supports Chrome version 76
Build info: version: '3.141.5', revision: 'd54ebd709a', time: '2018-11-06T11:42:16'
System info: host: 'DESKTOP-UBRI0MS', ip: '192.168.23.176', os.name: 'Windows 10', os.arch: 'amd64', os.version: '10.0', java.version: '1.8.0_221'
Driver info: driver.version: SeleniumDriver
remote stacktrace: Backtrace:
	Ordinal0 [0x00647C53+1473619]
	Ordinal0 [0x005CAD71+961905]
	Ordinal0 [0x005542B3+475827]
	Ordinal0 [0x004EF365+62309]
	Ordinal0 [0x004EBC77+48247]
	Ordinal0 [0x00509149+168265]
	Ordinal0 [0x00508D1D+167197]
	Ordinal0 [0x0050742B+160811]
	Ordinal0 [0x004F0AE6+68326]
	Ordinal0 [0x004F1BF0+72688]
	Ordinal0 [0x004F1B89+72585]
	Ordinal0 [0x005E4B37+1067831]
	GetHandleVerifier [0x006E6845+506677]
	GetHandleVerifier [0x006E65E0+506064]
	GetHandleVerifier [0x006ED188+533624]
	GetHandleVerifier [0x006E701A+508682]
	Ordinal0 [0x005DC226+1032742]
	Ordinal0 [0x005DC09F+1032351]
	Ordinal0 [0x005E6A4B+1075787]
	Ordinal0 [0x005E6BB3+1076147]
	Ordinal0 [0x005E5B65+1071973]
	BaseThreadInitThunk [0x77286359+25]
	RtlGetAppContainerNamedObjectPath [0x77A37B74+228]
	RtlGetAppContainerNamedObjectPath [0x77A37B44+180]

	at sun.reflect.NativeConstructorAccessorImpl.newInstance0(Native Method)
	at sun.reflect.NativeConstructorAccessorImpl.newInstance(NativeConstructorAccessorImpl.java:62)
	at sun.reflect.DelegatingConstructorAccessorImpl.newInstance(DelegatingConstructorAccessorImpl.java:45)
	at java.lang.reflect.Constructor.newInstance(Constructor.java:423)
	at org.openqa.selenium.remote.W3CHandshakeResponse.lambda$errorHandler$0(W3CHandshakeResponse.java:62)
	at org.openqa.selenium.remote.HandshakeResponse.lambda$getResponseFunction$0(HandshakeResponse.java:30)
	at org.openqa.selenium.remote.ProtocolHandshake.lambda$createSession$0(ProtocolHandshake.java:123)
	at java.util.stream.ReferencePipeline$3$1.accept(ReferencePipeline.java:193)
	at java.util.Spliterators$ArraySpliterator.tryAdvance(Spliterators.java:958)
	at java.util.stream.ReferencePipeline.forEachWithCancel(ReferencePipeline.java:126)
	at java.util.stream.AbstractPipeline.copyIntoWithCancel(AbstractPipeline.java:499)
	at java.util.stream.AbstractPipeline.copyInto(AbstractPipeline.java:486)
	at java.util.stream.AbstractPipeline.wrapAndCopyInto(AbstractPipeline.java:472)
	at java.util.stream.FindOps$FindOp.evaluateSequential(FindOps.java:152)
	at java.util.stream.AbstractPipeline.evaluate(AbstractPipeline.java:234)
	at java.util.stream.ReferencePipeline.findFirst(ReferencePipeline.java:464)
	at org.openqa.selenium.remote.ProtocolHandshake.createSession(ProtocolHandshake.java:125)
	at org.openqa.selenium.remote.ProtocolHandshake.createSession(ProtocolHandshake.java:74)
	at org.openqa.selenium.remote.HttpCommandExecutor.execute(HttpCommandExecutor.java:136)
	at org.openqa.selenium.remote.service.DriverCommandExecutor.execute(DriverCommandExecutor.java:83)
	at org.openqa.selenium.remote.RemoteWebDriver.execute(RemoteWebDriver.java:552)
	at org.openqa.selenium.remote.RemoteWebDriver.startSession(RemoteWebDriver.java:213)
	at org.openqa.selenium.remote.RemoteWebDriver.<init>(RemoteWebDriver.java:131)
	at org.openqa.selenium.chrome.ChromeDriver.<init>(ChromeDriver.java:181)
	at org.openqa.selenium.chrome.ChromeDriver.<init>(ChromeDriver.java:168)
	at org.openqa.selenium.chrome.ChromeDriver.<init>(ChromeDriver.java:123)
	at utils.SeleniumDriver.<init>(SeleniumDriver.java:21)
	at utils.SeleniumDriver.setUpDriver(SeleniumDriver.java:40)
	at steps.BeforeActions.setUp(BeforeActions.java:12)
	at sun.reflect.NativeMethodAccessorImpl.invoke0(Native Method)
	at sun.reflect.NativeMethodAccessorImpl.invoke(NativeMethodAccessorImpl.java:62)
	at sun.reflect.DelegatingMethodAccessorImpl.invoke(DelegatingMethodAccessorImpl.java:43)
	at java.lang.reflect.Method.invoke(Method.java:498)
	at cucumber.runtime.Utils$1.call(Utils.java:40)
	at cucumber.runtime.Timeout.timeout(Timeout.java:16)
	at cucumber.runtime.Utils.invoke(Utils.java:34)
	at cucumber.runtime.java.JavaHookDefinition.execute(JavaHookDefinition.java:60)
	at cucumber.runtime.Runtime.runHookIfTagsMatch(Runtime.java:224)
	at cucumber.runtime.Runtime.runHooks(Runtime.java:212)
	at cucumber.runtime.Runtime.runBeforeHooks(Runtime.java:202)
	at cucumber.runtime.model.CucumberScenario.run(CucumberScenario.java:40)
	at cucumber.runtime.model.CucumberFeature.run(CucumberFeature.java:165)
	at cucumber.api.testng.TestNGCucumberRunner.runCucumber(TestNGCucumberRunner.java:63)
	at cucumber.api.testng.AbstractTestNGCucumberTests.feature(AbstractTestNGCucumberTests.java:21)
	at sun.reflect.NativeMethodAccessorImpl.invoke0(Native Method)
	at sun.reflect.NativeMethodAccessorImpl.invoke(NativeMethodAccessorImpl.java:62)
	at sun.reflect.DelegatingMethodAccessorImpl.invoke(DelegatingMethodAccessorImpl.java:43)
	at java.lang.reflect.Method.invoke(Method.java:498)
	at org.testng.internal.MethodInvocationHelper.invokeMethod(MethodInvocationHelper.java:86)
	at org.testng.internal.Invoker.invokeMethod(Invoker.java:643)
	at org.testng.internal.Invoker.invokeTestMethod(Invoker.java:820)
	at org.testng.internal.Invoker.invokeTestMethods(Invoker.java:1128)
	at org.testng.internal.TestMethodWorker.invokeTestMethods(TestMethodWorker.java:129)
	at org.testng.internal.TestMethodWorker.run(TestMethodWorker.java:112)
	at org.testng.TestRunner.privateRun(TestRunner.java:782)
	at org.testng.TestRunner.run(TestRunner.java:632)
	at org.testng.SuiteRunner.runTest(SuiteRunner.java:366)
	at org.testng.SuiteRunner.runSequentially(SuiteRunner.java:361)
	at org.testng.SuiteRunner.privateRun(SuiteRunner.java:319)
	at org.testng.SuiteRunner.run(SuiteRunner.java:268)
	at org.testng.SuiteRunnerWorker.runSuite(SuiteRunnerWorker.java:52)
	at org.testng.SuiteRunnerWorker.run(SuiteRunnerWorker.java:86)
	at org.testng.TestNG.runSuitesSequentially(TestNG.java:1244)
	at org.testng.TestNG.runSuitesLocally(TestNG.java:1169)
	at org.testng.TestNG.run(TestNG.java:1064)
	at org.apache.maven.surefire.testng.TestNGExecutor.run(TestNGExecutor.java:295)
	at org.apache.maven.surefire.testng.TestNGXmlTestSuite.execute(TestNGXmlTestSuite.java:84)
	at org.apache.maven.surefire.testng.TestNGProvider.invoke(TestNGProvider.java:90)
	at org.apache.maven.surefire.booter.ForkedBooter.invokeProviderInSameClassLoader(ForkedBooter.java:203)
	at org.apache.maven.surefire.booter.ForkedBooter.runSuitesInProcess(ForkedBooter.java:155)
	at org.apache.maven.surefire.booter.ForkedBooter.main(ForkedBooter.java:103)
&amp#27;[0m
      &amp#27;[31morg.openqa.selenium.SessionNotCreatedException: session not created: This version of ChromeDriver only supports Chrome version 76
      Build info: version: '3.141.5', revision: 'd54ebd709a', time: '2018-11-06T11:42:16'
      System info: host: 'DESKTOP-UBRI0MS', ip: '192.168.23.176', os.name: 'Windows 10', os.arch: 'amd64', os.version: '10.0', java.version: '1.8.0_221'
      Driver info: driver.version: SeleniumDriver
      remote stacktrace: Backtrace:
      	Ordinal0 [0x00647C53+1473619]
      	Ordinal0 [0x005CAD71+961905]
      	Ordinal0 [0x005542B3+475827]
      	Ordinal0 [0x004EF365+62309]
      	Ordinal0 [0x004EBC77+48247]
      	Ordinal0 [0x00509149+168265]
      	Ordinal0 [0x00508D1D+167197]
      	Ordinal0 [0x0050742B+160811]
      	Ordinal0 [0x004F0AE6+68326]
      	Ordinal0 [0x004F1BF0+72688]
      	Ordinal0 [0x004F1B89+72585]
      	Ordinal0 [0x005E4B37+1067831]
      	GetHandleVerifier [0x006E6845+506677]
      	GetHandleVerifier [0x006E65E0+506064]
      	GetHandleVerifier [0x006ED188+533624]
      	GetHandleVerifier [0x006E701A+508682]
      	Ordinal0 [0x005DC226+1032742]
      	Ordinal0 [0x005DC09F+1032351]
      	Ordinal0 [0x005E6A4B+1075787]
      	Ordinal0 [0x005E6BB3+1076147]
      	Ordinal0 [0x005E5B65+1071973]
      	BaseThreadInitThunk [0x77286359+25]
      	RtlGetAppContainerNamedObjectPath [0x77A37B74+228]
      	RtlGetAppContainerNamedObjectPath [0x77A37B44+180]
      
      	at sun.reflect.NativeConstructorAccessorImpl.newInstance0(Native Method)
      	at sun.reflect.NativeConstructorAccessorImpl.newInstance(NativeConstructorAccessorImpl.java:62)
      	at sun.reflect.DelegatingConstructorAccessorImpl.newInstance(DelegatingConstructorAccessorImpl.java:45)
      	at java.lang.reflect.Constructor.newInstance(Constructor.java:423)
      	at org.openqa.selenium.remote.W3CHandshakeResponse.lambda$errorHandler$0(W3CHandshakeResponse.java:62)
      	at org.openqa.selenium.remote.HandshakeResponse.lambda$getResponseFunction$0(HandshakeResponse.java:30)
      	at org.openqa.selenium.remote.ProtocolHandshake.lambda$createSession$0(ProtocolHandshake.java:123)
      	at java.util.stream.ReferencePipeline$3$1.accept(ReferencePipeline.java:193)
      	at java.util.Spliterators$ArraySpliterator.tryAdvance(Spliterators.java:958)
      	at java.util.stream.ReferencePipeline.forEachWithCancel(ReferencePipeline.java:126)
      	at java.util.stream.AbstractPipeline.copyIntoWithCancel(AbstractPipeline.java:499)
      	at java.util.stream.AbstractPipeline.copyInto(AbstractPipeline.java:486)
      	at java.util.stream.AbstractPipeline.wrapAndCopyInto(AbstractPipeline.java:472)
      	at java.util.stream.FindOps$FindOp.evaluateSequential(FindOps.java:152)
      	at java.util.stream.AbstractPipeline.evaluate(AbstractPipeline.java:234)
      	at java.util.stream.ReferencePipeline.findFirst(ReferencePipeline.java:464)
      	at org.openqa.selenium.remote.ProtocolHandshake.createSession(ProtocolHandshake.java:125)
      	at org.openqa.selenium.remote.ProtocolHandshake.createSession(ProtocolHandshake.java:74)
      	at org.openqa.selenium.remote.HttpCommandExecutor.execute(HttpCommandExecutor.java:136)
      	at org.openqa.selenium.remote.service.DriverCommandExecutor.execute(DriverCommandExecutor.java:83)
      	at org.openqa.selenium.remote.RemoteWebDriver.execute(RemoteWebDriver.java:552)
      	at org.openqa.selenium.remote.RemoteWebDriver.startSession(RemoteWebDriver.java:213)
      	at org.openqa.selenium.remote.RemoteWebDriver.<init>(RemoteWebDriver.java:131)
      	at org.openqa.selenium.chrome.ChromeDriver.<init>(ChromeDriver.java:181)
      	at org.openqa.selenium.chrome.ChromeDriver.<init>(ChromeDriver.java:168)
      	at org.openqa.selenium.chrome.ChromeDriver.<init>(ChromeDriver.java:123)
      	at utils.SeleniumDriver.<init>(SeleniumDriver.java:21)
      	at utils.SeleniumDriver.setUpDriver(SeleniumDriver.java:40)
      	at steps.BeforeActions.setUp(BeforeActions.java:12)
      	at sun.reflect.NativeMethodAccessorImpl.invoke0(Native Method)
      	at sun.reflect.NativeMethodAccessorImpl.invoke(NativeMethodAccessorImpl.java:62)
      	at sun.reflect.DelegatingMethodAccessorImpl.invoke(DelegatingMethodAccessorImpl.java:43)
      	at java.lang.reflect.Method.invoke(Method.java:498)
      	at cucumber.runtime.Utils$1.call(Utils.java:40)
      	at cucumber.runtime.Timeout.timeout(Timeout.java:16)
      	at cucumber.runtime.Utils.invoke(Utils.java:34)
      	at cucumber.runtime.java.JavaHookDefinition.execute(JavaHookDefinition.java:60)
      	at cucumber.runtime.Runtime.runHookIfTagsMatch(Runtime.java:224)
      	at cucumber.runtime.Runtime.runHooks(Runtime.java:212)
      	at cucumber.runtime.Runtime.runBeforeHooks(Runtime.java:202)
      	at cucumber.runtime.model.CucumberScenario.run(CucumberScenario.java:40)
      	at cucumber.runtime.model.CucumberFeature.run(CucumberFeature.java:165)
      	at cucumber.api.testng.TestNGCucumberRunner.runCucumber(TestNGCucumberRunner.java:63)
      	at cucumber.api.testng.AbstractTestNGCucumberTests.feature(AbstractTestNGCucumberTests.java:21)
      	at sun.reflect.NativeMethodAccessorImpl.invoke0(Native Method)
      	at sun.reflect.NativeMethodAccessorImpl.invoke(NativeMethodAccessorImpl.java:62)
      	at sun.reflect.DelegatingMethodAccessorImpl.invoke(DelegatingMethodAccessorImpl.java:43)
      	at java.lang.reflect.Method.invoke(Method.java:498)
      	at org.testng.internal.MethodInvocationHelper.invokeMethod(MethodInvocationHelper.java:86)
      	at org.testng.internal.Invoker.invokeMethod(Invoker.java:643)
      	at org.testng.internal.Invoker.invokeTestMethod(Invoker.java:820)
      	at org.testng.internal.Invoker.invokeTestMethods(Invoker.java:1128)
      	at org.testng.internal.TestMethodWorker.invokeTestMethods(TestMethodWorker.java:129)
      	at org.testng.internal.TestMethodWorker.run(TestMethodWorker.java:112)
      	at org.testng.TestRunner.privateRun(TestRunner.java:782)
      	at org.testng.TestRunner.run(TestRunner.java:632)
      	at org.testng.SuiteRunner.runTest(SuiteRunner.java:366)
      	at org.testng.SuiteRunner.runSequentially(SuiteRunner.java:361)
      	at org.testng.SuiteRunner.privateRun(SuiteRunner.java:319)
      	at org.testng.SuiteRunner.run(SuiteRunner.java:268)
      	at org.testng.SuiteRunnerWorker.runSuite(SuiteRunnerWorker.java:52)
      	at org.testng.SuiteRunnerWorker.run(SuiteRunnerWorker.java:86)
      	at org.testng.TestNG.runSuitesSequentially(TestNG.java:1244)
      	at org.testng.TestNG.runSuitesLocally(TestNG.java:1169)
      	at org.testng.TestNG.run(TestNG.java:1064)
      	at org.apache.maven.surefire.testng.TestNGExecutor.run(TestNGExecutor.java:295)
      	at org.apache.maven.surefire.testng.TestNGXmlTestSuite.execute(TestNGXmlTestSuite.java:84)
      	at org.apache.maven.surefire.testng.TestNGProvider.invoke(TestNGProvider.java:90)
      	at org.apache.maven.surefire.booter.ForkedBooter.invokeProviderInSameClassLoader(ForkedBooter.java:203)
      	at org.apache.maven.surefire.booter.ForkedBooter.runSuitesInProcess(ForkedBooter.java:155)
      	at org.apache.maven.surefire.booter.ForkedBooter.main(ForkedBooter.java:103)
      &amp#27;[0m
true
&amp#27;[31mFailure in after hook:&amp#27;[0m&amp#27;[31mAfterActions.tearDown(Scenario)&amp#27;[0m
&amp#27;[31mMessage: &amp#27;[0m&amp#27;[31mjava.lang.NullPointerException
	at steps.AfterActions.tearDown(AfterActions.java:20)
	at sun.reflect.NativeMethodAccessorImpl.invoke0(Native Method)
	at sun.reflect.NativeMethodAccessorImpl.invoke(NativeMethodAccessorImpl.java:62)
	at sun.reflect.DelegatingMethodAccessorImpl.invoke(DelegatingMethodAccessorImpl.java:43)
	at java.lang.reflect.Method.invoke(Method.java:498)
	at cucumber.runtime.Utils$1.call(Utils.java:40)
	at cucumber.runtime.Timeout.timeout(Timeout.java:16)
	at cucumber.runtime.Utils.invoke(Utils.java:34)
	at cucumber.runtime.java.JavaHookDefinition.execute(JavaHookDefinition.java:60)
	at cucumber.runtime.Runtime.runHookIfTagsMatch(Runtime.java:224)
	at cucumber.runtime.Runtime.runHooks(Runtime.java:212)
	at cucumber.runtime.Runtime.runAfterHooks(Runtime.java:206)
	at cucumber.runtime.model.CucumberScenario.run(CucumberScenario.java:46)
	at cucumber.runtime.model.CucumberFeature.run(CucumberFeature.java:165)
	at cucumber.api.testng.TestNGCucumberRunner.runCucumber(TestNGCucumberRunner.java:63)
	at cucumber.api.testng.AbstractTestNGCucumberTests.feature(AbstractTestNGCucumberTests.java:21)
	at sun.reflect.NativeMethodAccessorImpl.invoke0(Native Method)
	at sun.reflect.NativeMethodAccessorImpl.invoke(NativeMethodAccessorImpl.java:62)
	at sun.reflect.DelegatingMethodAccessorImpl.invoke(DelegatingMethodAccessorImpl.java:43)
	at java.lang.reflect.Method.invoke(Method.java:498)
	at org.testng.internal.MethodInvocationHelper.invokeMethod(MethodInvocationHelper.java:86)
	at org.testng.internal.Invoker.invokeMethod(Invoker.java:643)
	at org.testng.internal.Invoker.invokeTestMethod(Invoker.java:820)
	at org.testng.internal.Invoker.invokeTestMethods(Invoker.java:1128)
	at org.testng.internal.TestMethodWorker.invokeTestMethods(TestMethodWorker.java:129)
	at org.testng.internal.TestMethodWorker.run(TestMethodWorker.java:112)
	at org.testng.TestRunner.privateRun(TestRunner.java:782)
	at org.testng.TestRunner.run(TestRunner.java:632)
	at org.testng.SuiteRunner.runTest(SuiteRunner.java:366)
	at org.testng.SuiteRunner.runSequentially(SuiteRunner.java:361)
	at org.testng.SuiteRunner.privateRun(SuiteRunner.java:319)
	at org.testng.SuiteRunner.run(SuiteRunner.java:268)
	at org.testng.SuiteRunnerWorker.runSuite(SuiteRunnerWorker.java:52)
	at org.testng.SuiteRunnerWorker.run(SuiteRunnerWorker.java:86)
	at org.testng.TestNG.runSuitesSequentially(TestNG.java:1244)
	at org.testng.TestNG.runSuitesLocally(TestNG.java:1169)
	at org.testng.TestNG.run(TestNG.java:1064)
	at org.apache.maven.surefire.testng.TestNGExecutor.run(TestNGExecutor.java:295)
	at org.apache.maven.surefire.testng.TestNGXmlTestSuite.execute(TestNGXmlTestSuite.java:84)
	at org.apache.maven.surefire.testng.TestNGProvider.invoke(TestNGProvider.java:90)
	at org.apache.maven.surefire.booter.ForkedBooter.invokeProviderInSameClassLoader(ForkedBooter.java:203)
	at org.apache.maven.surefire.booter.ForkedBooter.runSuitesInProcess(ForkedBooter.java:155)
	at org.apache.maven.surefire.booter.ForkedBooter.main(ForkedBooter.java:103)
&amp#27;[0m
      &amp#27;[31mjava.lang.NullPointerException
      	at steps.AfterActions.tearDown(AfterActions.java:20)
      	at sun.reflect.NativeMethodAccessorImpl.invoke0(Native Method)
      	at sun.reflect.NativeMethodAccessorImpl.invoke(NativeMethodAccessorImpl.java:62)
      	at sun.reflect.DelegatingMethodAccessorImpl.invoke(DelegatingMethodAccessorImpl.java:43)
      	at java.lang.reflect.Method.invoke(Method.java:498)
      	at cucumber.runtime.Utils$1.call(Utils.java:40)
      	at cucumber.runtime.Timeout.timeout(Timeout.java:16)
      	at cucumber.runtime.Utils.invoke(Utils.java:34)
      	at cucumber.runtime.java.JavaHookDefinition.execute(JavaHookDefinition.java:60)
      	at cucumber.runtime.Runtime.runHookIfTagsMatch(Runtime.java:224)
      	at cucumber.runtime.Runtime.runHooks(Runtime.java:212)
      	at cucumber.runtime.Runtime.runAfterHooks(Runtime.java:206)
      	at cucumber.runtime.model.CucumberScenario.run(CucumberScenario.java:46)
      	at cucumber.runtime.model.CucumberFeature.run(CucumberFeature.java:165)
      	at cucumber.api.testng.TestNGCucumberRunner.runCucumber(TestNGCucumberRunner.java:63)
      	at cucumber.api.testng.AbstractTestNGCucumberTests.feature(AbstractTestNGCucumberTests.java:21)
      	at sun.reflect.NativeMethodAccessorImpl.invoke0(Native Method)
      	at sun.reflect.NativeMethodAccessorImpl.invoke(NativeMethodAccessorImpl.java:62)
      	at sun.reflect.DelegatingMethodAccessorImpl.invoke(DelegatingMethodAccessorImpl.java:43)
      	at java.lang.reflect.Method.invoke(Method.java:498)
      	at org.testng.internal.MethodInvocationHelper.invokeMethod(MethodInvocationHelper.java:86)
      	at org.testng.internal.Invoker.invokeMethod(Invoker.java:643)
      	at org.testng.internal.Invoker.invokeTestMethod(Invoker.java:820)
      	at org.testng.internal.Invoker.invokeTestMethods(Invoker.java:1128)
      	at org.testng.internal.TestMethodWorker.invokeTestMethods(TestMethodWorker.java:129)
      	at org.testng.internal.TestMethodWorker.run(TestMethodWorker.java:112)
      	at org.testng.TestRunner.privateRun(TestRunner.java:782)
      	at org.testng.TestRunner.run(TestRunner.java:632)
      	at org.testng.SuiteRunner.runTest(SuiteRunner.java:366)
      	at org.testng.SuiteRunner.runSequentially(SuiteRunner.java:361)
      	at org.testng.SuiteRunner.privateRun(SuiteRunner.java:319)
      	at org.testng.SuiteRunner.run(SuiteRunner.java:268)
      	at org.testng.SuiteRunnerWorker.runSuite(SuiteRunnerWorker.java:52)
      	at org.testng.SuiteRunnerWorker.run(SuiteRunnerWorker.java:86)
      	at org.testng.TestNG.runSuitesSequentially(TestNG.java:1244)
      	at org.testng.TestNG.runSuitesLocally(TestNG.java:1169)
      	at org.testng.TestNG.run(TestNG.java:1064)
      	at org.apache.maven.surefire.testng.TestNGExecutor.run(TestNGExecutor.java:295)
      	at org.apache.maven.surefire.testng.TestNGXmlTestSuite.execute(TestNGXmlTestSuite.java:84)
      	at org.apache.maven.surefire.testng.TestNGProvider.invoke(TestNGProvider.java:90)
      	at org.apache.maven.surefire.booter.ForkedBooter.invokeProviderInSameClassLoader(ForkedBooter.java:203)
      	at org.apache.maven.surefire.booter.ForkedBooter.runSuitesInProcess(ForkedBooter.java:155)
      	at org.apache.maven.surefire.booter.ForkedBooter.main(ForkedBooter.java:103)
      &amp#27;[0m

  @Used-Search-Cars-Positive
  Scenario: Validate Search Cars page                                                   &amp#27;[90m# UsedCarSearch.feature:7&amp#27;[0m
    &amp#27;[36mGiven &amp#27;[0m&amp#27;[36mI am on the Home Page "&amp#27;[0m&amp#27;[36m&amp#27;[1mhttps://www.carsguide.com.au&amp#27;[0m&amp#27;[36m" of the CarsGuide website&amp#27;[0m &amp#27;[90m# SearchCarsSteps.i_am_on_the_Home_Page_of_the_CarsGuide_website(String)&amp#27;[0m
    &amp#27;[36mWhen &amp#27;[0m&amp#27;[36mI move to the menu&amp#27;[0m                                                             &amp#27;[90m# SearchCarsSteps.i_move_to_the_menu(String>)&amp#27;[0m
    &amp#27;[36mAnd &amp#27;[0m&amp#27;[36mI click on "&amp#27;[0m&amp#27;[36m&amp#27;[1mUsed&amp#27;[0m&amp#27;[36m" link&amp#27;[0m                                                          &amp#27;[90m# UsedCarsSteps.i_click_on_link(String)&amp#27;[0m
    &amp#27;[36mAnd &amp#27;[0m&amp#27;[36mSelect car brand as "&amp#27;[0m&amp#27;[36m&amp#27;[1mAudi&amp#27;[0m&amp#27;[36m" from AnyMake dropdown&amp#27;[0m                                &amp#27;[90m# SearchCarsSteps.select_car_brand_as_from_AnyMake_dropdown(String)&amp#27;[0m
    &amp#27;[36mAnd &amp#27;[0m&amp#27;[36mSelect car model&amp#27;[0m                                                                &amp#27;[90m# UsedCarsSteps.select_car_model(String>)&amp#27;[0m
    &amp#27;[36mAnd &amp#27;[0m&amp#27;[36mSelect location as "&amp#27;[0m&amp#27;[36m&amp#27;[1mACT - All&amp#27;[0m&amp#27;[36m" from AnyLocation dropdown&amp#27;[0m                        &amp#27;[90m# SearchCarsSteps.select_location_as_from_AnyLocation_dropdown(String)&amp#27;[0m
    &amp#27;[36mAnd &amp#27;[0m&amp#27;[36mSelect price_max as "&amp#27;[0m&amp#27;[36m&amp#27;[1m$2,000&amp#27;[0m&amp#27;[36m" from Price dropdown&amp#27;[0m                                &amp#27;[90m# SearchCarsSteps.select_price_max_as_from_Price_dropdown(String)&amp#27;[0m
    &amp#27;[36mAnd &amp#27;[0m&amp#27;[36mI click on Find_My_Next_Car button&amp#27;[0m                                              &amp#27;[90m# SearchCarsSteps.i_click_on_Find_My_Next_Car_button()&amp#27;[0m
    &amp#27;[36mThen &amp#27;[0m&amp#27;[36mI should see list of searched cars&amp#27;[0m                                             &amp#27;[90m# SearchCarsSteps.i_should_see_list_of_searched_cars()&amp#27;[0m
    &amp#27;[36mAnd &amp#27;[0m&amp#27;[36mthe page title should be "&amp#27;[0m&amp#27;[36m&amp#27;[1mUsed Audi A1 Under 2000 for Sale ACT | carsguide&amp#27;[0m&amp#27;[36m"&amp#27;[0m     &amp#27;[90m# SearchCarsSteps.the_page_title_should_be(String)&amp#27;[0m
]]></system-out>
    <system-err><![CDATA[Starting ChromeDriver 76.0.3809.126 (d80a294506b4c9d18015e755cee48f953ddc3f2f-refs/branch-heads/3809@{#1024}) on port 16378
Only local connections are allowed.
Please protect ports used by ChromeDriver and related test frameworks to prevent access by malicious code.
]]></system-err>
  </testcase>
</testsuite>